<?xml version="1.0" encoding="UTF-8" ?>
<testsuite tests="21" failures="0" name="com.bandtec.exercicios.relacionamento.CarrinhoTest" time="0.008" errors="0" skipped="0">
  <properties>
[...]
</properties>
  <testcase classname="com.bandtec.exercicios.relacionamento.CarrinhoTest" name="com.bandtec.exercicios.relacionamento.CarrinhoTest.testGetQuantidadePorCategoriaQuandoAcionadoEListaPossui3ProdutosComCategoriaDeveRetornar3" time="0.003"/>
  <testcase classname="com.bandtec.exercicios.relacionamento.CarrinhoTest" name="com.bandtec.exercicios.relacionamento.CarrinhoTest.testGetQuantidadePorCategoriaQuandoAcionadoComArgumentoNuloDeveRetornar0" time="0.001"/>
  <testcase classname="com.bandtec.exercicios.relacionamento.CarrinhoTest" name="com.bandtec.exercicios.relacionamento.CarrinhoTest.testRemoverPorNomeQuandoAcionadoComNomeExistenteDeveAlterarTamanhoDaLista" time="0"/>
  <testcase classname="com.bandtec.exercicios.relacionamento.CarrinhoTest" name="com.bandtec.exercicios.relacionamento.CarrinhoTest.testGetPorNomeQuandoAcionadoENaoExisteProdutoComNomeInformadoDeveRetornarNulo" time="0.002"/>
  <testcase classname="com.bandtec.exercicios.relacionamento.CarrinhoTest" name="com.bandtec.exercicios.relacionamento.CarrinhoTest.testGetPorNomeQuandoAcionadoEExisteProdutoComNomeInformadoDeveRetornarObjeto" time="0"/>
  <testcase classname="com.bandtec.exercicios.relacionamento.CarrinhoTest" name="com.bandtec.exercicios.relacionamento.CarrinhoTest.testAdicionarQuandoAcionadoComArgumentoNuloTamanhoDaListaNaoAumenta" time="0"/>
  <testcase classname="com.bandtec.exercicios.relacionamento.CarrinhoTest" name="com.bandtec.exercicios.relacionamento.CarrinhoTest.testExistsPorNomeQuandoAcionadoComArgumentoExistenteDeveRetornarTrue" time="0.001"/>
  <testcase classname="com.bandtec.exercicios.relacionamento.CarrinhoTest" name="com.bandtec.exercicios.relacionamento.CarrinhoTest.testAdicionarQuandoAcionadoComArgumentoValidoRepetidoTamanhoDaListaNaoAumenta" time="0"/>
  <testcase classname="com.bandtec.exercicios.relacionamento.CarrinhoTest" name="com.bandtec.exercicios.relacionamento.CarrinhoTest.testRemoverPorNomeQuandoAcionadoComNomeNuloNaoDeveAlterarTamanhoDaLista" time="0"/>
  <testcase classname="com.bandtec.exercicios.relacionamento.CarrinhoTest" name="com.bandtec.exercicios.relacionamento.CarrinhoTest.testRemoverPorNomeQuandoAcionadoComNomeNaoExistenteNaoDeveAlterarTamanhoDaLista" time="0.001"/>
  <testcase classname="com.bandtec.exercicios.relacionamento.CarrinhoTest" name="com.bandtec.exercicios.relacionamento.CarrinhoTest.testGetQuantidadePorCategoriaQuandoAcionadoEListaEstaVaziaDeveRetornar0" time="0"/>
  <testcase classname="com.bandtec.exercicios.relacionamento.CarrinhoTest" name="com.bandtec.exercicios.relacionamento.CarrinhoTest.testExistsPorNomeQuandoAcionadoComArgumentoNaoExistenteDeveRetornarFalse" time="0"/>
  <testcase classname="com.bandtec.exercicios.relacionamento.CarrinhoTest" name="com.bandtec.exercicios.relacionamento.CarrinhoTest.testAdicionarQuandoAcionadoComArgumentoValidoTamanhoDaListaAumenta" time="0"/>
  <testcase classname="com.bandtec.exercicios.relacionamento.CarrinhoTest" name="com.bandtec.exercicios.relacionamento.CarrinhoTest.testGetValorTotalQuandoAcionadoEListaEstaVaziaDeveRetorna0" time="0"/>
  <testcase classname="com.bandtec.exercicios.relacionamento.CarrinhoTest" name="com.bandtec.exercicios.relacionamento.CarrinhoTest.testGetValorTotalQuandoAcionadoEListaTemTotalDe158695Deve158695" time="0"/>
  <testcase classname="com.bandtec.exercicios.relacionamento.CarrinhoTest" name="com.bandtec.exercicios.relacionamento.CarrinhoTest.testGetQuantidadeQuandoAcionadoEListaPossui5ItensDeveRetornar5" time="0"/>
  <testcase classname="com.bandtec.exercicios.relacionamento.CarrinhoTest" name="com.bandtec.exercicios.relacionamento.CarrinhoTest.testExistsPorNomeQuandoAcionadoComArgumentoNuloDeveRetornarFalse" time="0"/>
  <testcase classname="com.bandtec.exercicios.relacionamento.CarrinhoTest" name="com.bandtec.exercicios.relacionamento.CarrinhoTest.testLimparQuandoAcionadoEListaEstaVaziaDeveRetornar0" time="0"/>
  <testcase classname="com.bandtec.exercicios.relacionamento.CarrinhoTest" name="com.bandtec.exercicios.relacionamento.CarrinhoTest.testLimparQuandoAcionadoEListaContem5ProdutosDeveRetornar0" time="0"/>
  <testcase classname="com.bandtec.exercicios.relacionamento.CarrinhoTest" name="com.bandtec.exercicios.relacionamento.CarrinhoTest.testGetQuantidadeQuandoAcionadoEListaEstaVaziaDeveRetornar0" time="0"/>
  <testcase classname="com.bandtec.exercicios.relacionamento.CarrinhoTest" name="com.bandtec.exercicios.relacionamento.CarrinhoTest.testGetPorNomeQuandoAcionadoComArgumentoNuloDeveRetornarNulo" time="0"/>
</testsuite>